#
# There is insufficient memory for the Java Runtime Environment to continue.
# Native memory allocation (malloc) failed to allocate 1108496 bytes. Error detail: Chunk::new
# Possible reasons:
#   The system is out of physical RAM or swap space
#   This process is running with CompressedOops enabled, and the Java Heap may be blocking the growth of the native heap
# Possible solutions:
#   Reduce memory load on the system
#   Increase physical memory or swap space
#   Check if swap backing store is full
#   Decrease Java heap size (-Xmx/-Xms)
#   Decrease number of Java threads
#   Decrease Java thread stack sizes (-Xss)
#   Set larger code cache with -XX:ReservedCodeCacheSize=
#   JVM is running with Unscaled Compressed Oops mode in which the Java heap is
#     placed in the first 4GB address space. The Java Heap base address is the
#     maximum limit for the native heap growth. Please use -XX:HeapBaseMinAddress
#     to set the Java Heap base and to place the Java Heap above 4GB virtual address.
# This output file may be truncated or incomplete.
#
#  Out of Memory Error (arena.cpp:149), pid=147504, tid=138020
#
# JRE version: Java(TM) SE Runtime Environment (23.0+37) (build 23+37-2369)
# Java VM: Java HotSpot(TM) 64-Bit Server VM (23+37-2369, mixed mode, sharing, tiered, compressed oops, compressed class ptrs, g1 gc, windows-amd64)
# No core dump will be written. Minidumps are not enabled by default on client versions of Windows
#

---------------  S U M M A R Y ------------

Command Line: --add-opens=java.base/java.util=ALL-UNNAMED --add-opens=java.base/java.lang=ALL-UNNAMED --add-opens=java.base/java.lang.invoke=ALL-UNNAMED --add-opens=java.prefs/java.util.prefs=ALL-UNNAMED --add-opens=java.base/java.nio.charset=ALL-UNNAMED --add-opens=java.base/java.net=ALL-UNNAMED --add-opens=java.base/java.util.concurrent.atomic=ALL-UNNAMED -Xmx2048m -Dfile.encoding=UTF-8 -Duser.country=US -Duser.language=en -Duser.variant -javaagent:C:\Users\PMYLS\.gradle\wrapper\dists\gradle-8.7-bin\bhs2wmbdwecv87pi65oeuq5iu\gradle-8.7\lib\agents\gradle-instrumentation-agent-8.7.jar org.gradle.launcher.daemon.bootstrap.GradleDaemon 8.7

Host: 12th Gen Intel(R) Core(TM) i5-1235U, 12 cores, 7G,  Windows 10 , 64 bit Build 19041 (10.0.19041.4957)
Time: Fri Nov 15 13:48:18 2024 Pakistan Standard Time elapsed time: 10.264059 seconds (0d 0h 0m 10s)

---------------  T H R E A D  ---------------

Current thread (0x000002096ac34790):  JavaThread "C2 CompilerThread0" daemon [_thread_in_native, id=138020, stack(0x000000d615200000,0x000000d615300000) (1024K)]


Current CompileTask:
C2:10264 7698       4       org.gradle.cache.internal.btree.CachingBlockStore::read (56 bytes)

Stack: [0x000000d615200000,0x000000d615300000]
Native frames: (J=compiled Java code, j=interpreted, Vv=VM code, C=native code)
V  [jvm.dll+0x6e08a9]  (no source info available)
V  [jvm.dll+0x87da63]  (no source info available)
V  [jvm.dll+0x87feee]  (no source info available)
V  [jvm.dll+0x8805c3]  (no source info available)
V  [jvm.dll+0x27aee6]  (no source info available)
V  [jvm.dll+0xbc06f]  (no source info available)
V  [jvm.dll+0xbc2cb]  (no source info available)
V  [jvm.dll+0x3b3a62]  (no source info available)
V  [jvm.dll+0x38a42b]  (no source info available)
V  [jvm.dll+0x38989a]  (no source info available)
V  [jvm.dll+0x244aa1]  (no source info available)
V  [jvm.dll+0x243dff]  (no source info available)
V  [jvm.dll+0x1c33a0]  (no source info available)
V  [jvm.dll+0x253cf1]  (no source info available)
V  [jvm.dll+0x251faa]  (no source info available)
V  [jvm.dll+0x3ee036]  (no source info available)
V  [jvm.dll+0x824f1b]  (no source info available)
V  [jvm.dll+0x6df055]  (no source info available)
C  [ucrtbase.dll+0x21bb2]  (no source info available)
C  [KERNEL32.DLL+0x17374]  (no source info available)
C  [ntdll.dll+0x4cc91]  (no source info available)

Lock stack of current Java thread (top to bottom):


---------------  P R O C E S S  ---------------

Threads class SMR info:
_java_thread_list=0x0000020949861340, length=55, elements={
0x000002094d9e0480, 0x000002096ac02830, 0x000002096ac044a0, 0x000002096ac07830,
0x000002096ac08290, 0x000002096ac08f70, 0x000002096ac319f0, 0x000002096ac34790,
0x000002096ac38b50, 0x00000209450ee620, 0x000002094522aa00, 0x0000020946a5db70,
0x0000020946cc7010, 0x0000020946dc1b40, 0x00000209464628b0, 0x0000020946464380,
0x00000209464a2590, 0x00000209464a5060, 0x00000209464a7130, 0x00000209464a6aa0,
0x00000209464a4340, 0x00000209464a56f0, 0x00000209464a77c0, 0x00000209464a49d0,
0x000002094748b430, 0x0000020947488cd0, 0x000002094748a710, 0x000002094748bac0,
0x0000020947489360, 0x000002094748a080, 0x0000020948ff8c60, 0x0000020948ff9980,
0x0000020948ff7f40, 0x0000020948ff85d0, 0x0000020948ffa010, 0x0000020948ffa6a0,
0x0000020948ffad30, 0x0000020948ffb3c0, 0x0000020948ff5e70, 0x0000020948ff4430,
0x0000020948ffba50, 0x0000020948ff78b0, 0x0000020949ad5f60, 0x0000020949ad65f0,
0x0000020949ad58d0, 0x0000020949ad8d50, 0x0000020949ad5240, 0x0000020949ad7310,
0x0000020949ad79a0, 0x0000020949ad93e0, 0x0000020949ad2450, 0x0000020949ad9a70,
0x0000020949ad86c0, 0x0000020949ad2ae0, 0x0000020949ad3170
}

Java Threads: ( => current thread )
  0x000002094d9e0480 JavaThread "main"                              [_thread_blocked, id=147160, stack(0x000000d614400000,0x000000d614500000) (1024K)]
  0x000002096ac02830 JavaThread "Reference Handler"          daemon [_thread_blocked, id=143260, stack(0x000000d614c00000,0x000000d614d00000) (1024K)]
  0x000002096ac044a0 JavaThread "Finalizer"                  daemon [_thread_blocked, id=134612, stack(0x000000d614d00000,0x000000d614e00000) (1024K)]
  0x000002096ac07830 JavaThread "Signal Dispatcher"          daemon [_thread_blocked, id=132868, stack(0x000000d614e00000,0x000000d614f00000) (1024K)]
  0x000002096ac08290 JavaThread "Attach Listener"            daemon [_thread_blocked, id=141072, stack(0x000000d614f00000,0x000000d615000000) (1024K)]
  0x000002096ac08f70 JavaThread "Service Thread"             daemon [_thread_blocked, id=141812, stack(0x000000d615000000,0x000000d615100000) (1024K)]
  0x000002096ac319f0 JavaThread "Monitor Deflation Thread"   daemon [_thread_blocked, id=82272, stack(0x000000d615100000,0x000000d615200000) (1024K)]
=>0x000002096ac34790 JavaThread "C2 CompilerThread0"         daemon [_thread_in_native, id=138020, stack(0x000000d615200000,0x000000d615300000) (1024K)]
  0x000002096ac38b50 JavaThread "C1 CompilerThread0"         daemon [_thread_blocked, id=142468, stack(0x000000d615300000,0x000000d615400000) (1024K)]
  0x00000209450ee620 JavaThread "Common-Cleaner"             daemon [_thread_blocked, id=142640, stack(0x000000d615400000,0x000000d615500000) (1024K)]
  0x000002094522aa00 JavaThread "Notification Thread"        daemon [_thread_blocked, id=148956, stack(0x000000d615500000,0x000000d615600000) (1024K)]
  0x0000020946a5db70 JavaThread "Daemon health stats"               [_thread_blocked, id=145056, stack(0x000000d615c00000,0x000000d615d00000) (1024K)]
  0x0000020946cc7010 JavaThread "Incoming local TCP Connector on port 63143"        [_thread_in_native, id=146260, stack(0x000000d615d00000,0x000000d615e00000) (1024K)]
  0x0000020946dc1b40 JavaThread "Daemon periodic checks"            [_thread_blocked, id=141984, stack(0x000000d615e00000,0x000000d615f00000) (1024K)]
  0x00000209464628b0 JavaThread "Daemon"                            [_thread_blocked, id=89688, stack(0x000000d615f00000,0x000000d616000000) (1024K)]
  0x0000020946464380 JavaThread "Handler for socket connection from /127.0.0.1:63143 to /127.0.0.1:63144"        [_thread_in_native, id=141784, stack(0x000000d616000000,0x000000d616100000) (1024K)]
  0x00000209464a2590 JavaThread "Cancel handler"                    [_thread_blocked, id=137124, stack(0x000000d616100000,0x000000d616200000) (1024K)]
  0x00000209464a5060 JavaThread "Daemon worker"                     [_thread_in_Java, id=120704, stack(0x000000d616200000,0x000000d616300000) (1024K)]
  0x00000209464a7130 JavaThread "Asynchronous log dispatcher for DefaultDaemonConnection: socket connection from /127.0.0.1:63143 to /127.0.0.1:63144"        [_thread_blocked, id=138028, stack(0x000000d616300000,0x000000d616400000) (1024K)]
  0x00000209464a6aa0 JavaThread "Stdin handler"                     [_thread_blocked, id=147876, stack(0x000000d616400000,0x000000d616500000) (1024K)]
  0x00000209464a4340 JavaThread "Daemon client event forwarder"        [_thread_blocked, id=139544, stack(0x000000d616500000,0x000000d616600000) (1024K)]
  0x00000209464a56f0 JavaThread "Cache worker for journal cache (C:\Users\PMYLS\.gradle\caches\journal-1)"        [_thread_blocked, id=117692, stack(0x000000d616900000,0x000000d616a00000) (1024K)]
  0x00000209464a77c0 JavaThread "File lock request listener"        [_thread_in_native, id=140596, stack(0x000000d616a00000,0x000000d616b00000) (1024K)]
  0x00000209464a49d0 JavaThread "Cache worker for file hash cache (C:\Users\PMYLS\.gradle\caches\8.7\fileHashes)"        [_thread_blocked, id=147500, stack(0x000000d616b00000,0x000000d616c00000) (1024K)]
  0x000002094748b430 JavaThread "Cache worker for file hash cache (C:\Users\PMYLS\AndroidStudioProjects\VULanguageApp\.gradle\8.7\fileHashes)"        [_thread_blocked, id=146140, stack(0x000000d616c00000,0x000000d616d00000) (1024K)]
  0x0000020947488cd0 JavaThread "Cache worker for checksums cache (C:\Users\PMYLS\AndroidStudioProjects\VULanguageApp\.gradle\8.7\checksums)"        [_thread_blocked, id=149444, stack(0x000000d616f00000,0x000000d617000000) (1024K)]
  0x000002094748a710 JavaThread "Cache worker for file content cache (C:\Users\PMYLS\.gradle\caches\8.7\fileContent)"        [_thread_blocked, id=143828, stack(0x000000d617000000,0x000000d617100000) (1024K)]
  0x000002094748bac0 JavaThread "File watcher server"        daemon [_thread_in_native, id=127476, stack(0x000000d617100000,0x000000d617200000) (1024K)]
  0x0000020947489360 JavaThread "File watcher consumer"      daemon [_thread_blocked, id=142020, stack(0x000000d617200000,0x000000d617300000) (1024K)]
  0x000002094748a080 JavaThread "Cache worker for cache directory md-supplier (C:\Users\PMYLS\.gradle\caches\8.7\md-supplier)"        [_thread_blocked, id=134976, stack(0x000000d617300000,0x000000d617400000) (1024K)]
  0x0000020948ff8c60 JavaThread "Cache worker for cache directory md-rule (C:\Users\PMYLS\.gradle\caches\8.7\md-rule)"        [_thread_blocked, id=148668, stack(0x000000d617400000,0x000000d617500000) (1024K)]
  0x0000020948ff9980 JavaThread "Configuration cache report writer"        [_thread_blocked, id=147900, stack(0x000000d617500000,0x000000d617600000) (1024K)]
  0x0000020948ff7f40 JavaThread "Cache worker for Build Output Cleanup Cache (C:\Users\PMYLS\AndroidStudioProjects\VULanguageApp\.gradle\buildOutputCleanup)"        [_thread_blocked, id=146188, stack(0x000000d617600000,0x000000d617700000) (1024K)]
  0x0000020948ff85d0 JavaThread "Unconstrained build operations"        [_thread_blocked, id=139224, stack(0x000000d617700000,0x000000d617800000) (1024K)]
  0x0000020948ffa010 JavaThread "Unconstrained build operations Thread 2"        [_thread_blocked, id=137528, stack(0x000000d617800000,0x000000d617900000) (1024K)]
  0x0000020948ffa6a0 JavaThread "Unconstrained build operations Thread 3"        [_thread_blocked, id=128496, stack(0x000000d617900000,0x000000d617a00000) (1024K)]
  0x0000020948ffad30 JavaThread "Unconstrained build operations Thread 4"        [_thread_blocked, id=148344, stack(0x000000d617a00000,0x000000d617b00000) (1024K)]
  0x0000020948ffb3c0 JavaThread "Unconstrained build operations Thread 5"        [_thread_blocked, id=145180, stack(0x000000d617b00000,0x000000d617c00000) (1024K)]
  0x0000020948ff5e70 JavaThread "Unconstrained build operations Thread 6"        [_thread_blocked, id=144944, stack(0x000000d617c00000,0x000000d617d00000) (1024K)]
  0x0000020948ff4430 JavaThread "Unconstrained build operations Thread 7"        [_thread_blocked, id=148728, stack(0x000000d617d00000,0x000000d617e00000) (1024K)]
  0x0000020948ffba50 JavaThread "Unconstrained build operations Thread 8"        [_thread_blocked, id=129348, stack(0x000000d617e00000,0x000000d617f00000) (1024K)]
  0x0000020948ff78b0 JavaThread "Unconstrained build operations Thread 9"        [_thread_blocked, id=146164, stack(0x000000d617f00000,0x000000d618000000) (1024K)]
  0x0000020949ad5f60 JavaThread "Unconstrained build operations Thread 10"        [_thread_blocked, id=128588, stack(0x000000d618000000,0x000000d618100000) (1024K)]
  0x0000020949ad65f0 JavaThread "Unconstrained build operations Thread 11"        [_thread_blocked, id=137272, stack(0x000000d618100000,0x000000d618200000) (1024K)]
  0x0000020949ad58d0 JavaThread "Unconstrained build operations Thread 12"        [_thread_blocked, id=142864, stack(0x000000d618200000,0x000000d618300000) (1024K)]
  0x0000020949ad8d50 JavaThread "Unconstrained build operations Thread 13"        [_thread_blocked, id=140932, stack(0x000000d618300000,0x000000d618400000) (1024K)]
  0x0000020949ad5240 JavaThread "Unconstrained build operations Thread 14"        [_thread_blocked, id=149028, stack(0x000000d618400000,0x000000d618500000) (1024K)]
  0x0000020949ad7310 JavaThread "Unconstrained build operations Thread 15"        [_thread_blocked, id=139940, stack(0x000000d618500000,0x000000d618600000) (1024K)]
  0x0000020949ad79a0 JavaThread "Unconstrained build operations Thread 16"        [_thread_blocked, id=56008, stack(0x000000d618600000,0x000000d618700000) (1024K)]
  0x0000020949ad93e0 JavaThread "Unconstrained build operations Thread 17"        [_thread_blocked, id=141600, stack(0x000000d618700000,0x000000d618800000) (1024K)]
  0x0000020949ad2450 JavaThread "Unconstrained build operations Thread 18"        [_thread_blocked, id=149376, stack(0x000000d618800000,0x000000d618900000) (1024K)]
  0x0000020949ad9a70 JavaThread "Unconstrained build operations Thread 19"        [_thread_blocked, id=137348, stack(0x000000d618900000,0x000000d618a00000) (1024K)]
  0x0000020949ad86c0 JavaThread "Unconstrained build operations Thread 20"        [_thread_blocked, id=147800, stack(0x000000d618a00000,0x000000d618b00000) (1024K)]
  0x0000020949ad2ae0 JavaThread "Unconstrained build operations Thread 21"        [_thread_blocked, id=129800, stack(0x000000d618b00000,0x000000d618c00000) (1024K)]
  0x0000020949ad3170 JavaThread "Unconstrained build operations Thread 22"        [_thread_blocked, id=142004, stack(0x000000d618c00000,0x000000d618d00000) (1024K)]
Total: 55

Other Threads:
  0x000002096abec980 VMThread "VM Thread"                           [id=144280, stack(0x000000d614b00000,0x000000d614c00000) (1024K)]
  0x000002096abdb380 WatcherThread "VM Periodic Task Thread"        [id=132740, stack(0x000000d614a00000,0x000000d614b00000) (1024K)]
  0x000002094da3cbb0 WorkerThread "GC Thread#0"                     [id=20808, stack(0x000000d614500000,0x000000d614600000) (1024K)]
  0x0000020945c7ede0 WorkerThread "GC Thread#1"                     [id=129676, stack(0x000000d615700000,0x000000d615800000) (1024K)]
  0x0000020945d0fca0 WorkerThread "GC Thread#2"                     [id=137412, stack(0x000000d615800000,0x000000d615900000) (1024K)]
  0x0000020945d10460 WorkerThread "GC Thread#3"                     [id=147984, stack(0x000000d615900000,0x000000d615a00000) (1024K)]
  0x0000020945d10810 WorkerThread "GC Thread#4"                     [id=137152, stack(0x000000d615a00000,0x000000d615b00000) (1024K)]
  0x0000020945ac4ed0 WorkerThread "GC Thread#5"                     [id=3296, stack(0x000000d615b00000,0x000000d615c00000) (1024K)]
  0x0000020946e100d0 WorkerThread "GC Thread#6"                     [id=142888, stack(0x000000d615600000,0x000000d615700000) (1024K)]
  0x0000020946e116f0 WorkerThread "GC Thread#7"                     [id=129556, stack(0x000000d616600000,0x000000d616700000) (1024K)]
  0x0000020946e125b0 WorkerThread "GC Thread#8"                     [id=148340, stack(0x000000d616700000,0x000000d616800000) (1024K)]
  0x0000020946e11340 WorkerThread "GC Thread#9"                     [id=146144, stack(0x000000d616800000,0x000000d616900000) (1024K)]
  0x000002094da51b10 ConcurrentGCThread "G1 Main Marker"            [id=147208, stack(0x000000d614600000,0x000000d614700000) (1024K)]
  0x000002094da52530 WorkerThread "G1 Conc#0"                       [id=146272, stack(0x000000d614700000,0x000000d614800000) (1024K)]
  0x0000020946e0f5c0 WorkerThread "G1 Conc#1"                       [id=132216, stack(0x000000d616d00000,0x000000d616e00000) (1024K)]
  0x0000020946e0f970 WorkerThread "G1 Conc#2"                       [id=148504, stack(0x000000d616e00000,0x000000d616f00000) (1024K)]
  0x000002096aaaeef0 ConcurrentGCThread "G1 Refine#0"               [id=138400, stack(0x000000d614800000,0x000000d614900000) (1024K)]
  0x000002096aaaf880 ConcurrentGCThread "G1 Service"                [id=142400, stack(0x000000d614900000,0x000000d614a00000) (1024K)]
Total: 18

Threads with active compile tasks:
C2 CompilerThread0  10328 7698       4       org.gradle.cache.internal.btree.CachingBlockStore::read (56 bytes)
Total: 1

VM state: not at safepoint (normal execution)

VM Mutex/Monitor currently owned by a thread: None

Heap address: 0x0000000080000000, size: 2048 MB, Compressed Oops mode: 32-bit

CDS archive(s) mapped at: [0x0000020900000000-0x0000020900d70000-0x0000020900d70000), size 14090240, SharedBaseAddress: 0x0000020900000000, ArchiveRelocationMode: 1.
Compressed class space mapped at: 0x0000020901000000-0x0000020941000000, reserved size: 1073741824
Narrow klass base: 0x0000020900000000, Narrow klass shift: 0, Narrow klass range: 0x41000000

GC Precious Log:
 CardTable entry size: 512
 Card Set container configuration: InlinePtr #cards 5 size 8 Array Of Cards #cards 10 size 36 Howl #buckets 4 coarsen threshold 1843 Howl Bitmap #cards 512 size 80 coarsen threshold 460 Card regions per heap region 1 cards per card region 2048
 CPUs: 12 total, 12 available
 Memory: 7916M
 Large Page Support: Disabled
 NUMA Support: Disabled
 Compressed Oops: Enabled (32-bit)
 Heap Region Size: 1M
 Heap Min Capacity: 8M
 Heap Initial Capacity: 124M
 Heap Max Capacity: 2G
 Pre-touch: Disabled
 Parallel Workers: 10
 Concurrent Workers: 3
 Concurrent Refinement Workers: 10
 Periodic GC: Disabled

Heap:
 garbage-first heap   total reserved 2097152K, committed 98304K, used 82713K [0x0000000080000000, 0x0000000100000000)
  region size 1024K, 41 young (41984K), 7 survivors (7168K)
 Metaspace       used 56728K, committed 58496K, reserved 1114112K
  class space    used 8276K, committed 9152K, reserved 1048576K

Heap Regions: E=young(eden), S=young(survivor), O=old, HS=humongous(starts), HC=humongous(continues), CS=collection set, F=free, TAMS=top-at-mark-start, PB=parsable bottom
|   0|0x0000000080000000, 0x0000000080100000, 0x0000000080100000|100%|HS|  |TAMS 0x0000000080000000| PB 0x0000000080000000| Complete |  0
|   1|0x0000000080100000, 0x0000000080200000, 0x0000000080200000|100%|HC|  |TAMS 0x0000000080100000| PB 0x0000000080100000| Complete |  0
|   2|0x0000000080200000, 0x0000000080300000, 0x0000000080300000|100%|HC|  |TAMS 0x0000000080200000| PB 0x0000000080200000| Complete |  0
|   3|0x0000000080300000, 0x0000000080400000, 0x0000000080400000|100%|HC|  |TAMS 0x0000000080300000| PB 0x0000000080300000| Complete |  0
|   4|0x0000000080400000, 0x0000000080500000, 0x0000000080500000|100%| O|  |TAMS 0x0000000080400000| PB 0x0000000080400000| Untracked |  0
|   5|0x0000000080500000, 0x0000000080600000, 0x0000000080600000|100%| O|  |TAMS 0x0000000080500000| PB 0x0000000080500000| Untracked |  0
|   6|0x0000000080600000, 0x0000000080700000, 0x0000000080700000|100%| O|  |TAMS 0x0000000080600000| PB 0x0000000080600000| Untracked |  0
|   7|0x0000000080700000, 0x0000000080800000, 0x0000000080800000|100%| O|  |TAMS 0x0000000080700000| PB 0x0000000080700000| Untracked |  0
|   8|0x0000000080800000, 0x0000000080900000, 0x0000000080900000|100%| O|  |TAMS 0x0000000080800000| PB 0x0000000080800000| Untracked |  0
|   9|0x0000000080900000, 0x0000000080a00000, 0x0000000080a00000|100%| O|  |TAMS 0x0000000080900000| PB 0x0000000080900000| Untracked |  0
|  10|0x0000000080a00000, 0x0000000080b00000, 0x0000000080b00000|100%| O|  |TAMS 0x0000000080a00000| PB 0x0000000080a00000| Untracked |  0
|  11|0x0000000080b00000, 0x0000000080c00000, 0x0000000080c00000|100%| O|  |TAMS 0x0000000080b00000| PB 0x0000000080b00000| Untracked |  0
|  12|0x0000000080c00000, 0x0000000080d00000, 0x0000000080d00000|100%| O|  |TAMS 0x0000000080c00000| PB 0x0000000080c00000| Untracked |  0
|  13|0x0000000080d00000, 0x0000000080e00000, 0x0000000080e00000|100%| O|  |TAMS 0x0000000080d00000| PB 0x0000000080d00000| Untracked |  0
|  14|0x0000000080e00000, 0x0000000080f00000, 0x0000000080f00000|100%| O|  |TAMS 0x0000000080e00000| PB 0x0000000080e00000| Untracked |  0
|  15|0x0000000080f00000, 0x0000000081000000, 0x0000000081000000|100%| O|  |TAMS 0x0000000080f00000| PB 0x0000000080f00000| Untracked |  0
|  16|0x0000000081000000, 0x0000000081100000, 0x0000000081100000|100%| O|  |TAMS 0x0000000081000000| PB 0x0000000081000000| Untracked |  0
|  17|0x0000000081100000, 0x0000000081200000, 0x0000000081200000|100%| O|  |TAMS 0x0000000081100000| PB 0x0000000081100000| Untracked |  0
|  18|0x0000000081200000, 0x0000000081300000, 0x0000000081300000|100%| O|  |TAMS 0x0000000081200000| PB 0x0000000081200000| Untracked |  0
|  19|0x0000000081300000, 0x0000000081400000, 0x0000000081400000|100%| O|  |TAMS 0x0000000081300000| PB 0x0000000081300000| Untracked |  0
|  20|0x0000000081400000, 0x0000000081500000, 0x0000000081500000|100%| O|  |TAMS 0x0000000081400000| PB 0x0000000081400000| Untracked |  0
|  21|0x0000000081500000, 0x0000000081600000, 0x0000000081600000|100%| O|  |TAMS 0x0000000081500000| PB 0x0000000081500000| Untracked |  0
|  22|0x0000000081600000, 0x0000000081700000, 0x0000000081700000|100%| O|  |TAMS 0x0000000081600000| PB 0x0000000081600000| Untracked |  0
|  23|0x0000000081700000, 0x0000000081800000, 0x0000000081800000|100%| O|  |TAMS 0x0000000081700000| PB 0x0000000081700000| Untracked |  0
|  24|0x0000000081800000, 0x0000000081900000, 0x0000000081900000|100%| O|  |TAMS 0x0000000081800000| PB 0x0000000081800000| Untracked |  0
|  25|0x0000000081900000, 0x0000000081a00000, 0x0000000081a00000|100%| O|  |TAMS 0x0000000081900000| PB 0x0000000081900000| Untracked |  0
|  26|0x0000000081a00000, 0x0000000081b00000, 0x0000000081b00000|100%| O|  |TAMS 0x0000000081a00000| PB 0x0000000081a00000| Untracked |  0
|  27|0x0000000081b00000, 0x0000000081c00000, 0x0000000081c00000|100%| O|  |TAMS 0x0000000081b00000| PB 0x0000000081b00000| Untracked |  0
|  28|0x0000000081c00000, 0x0000000081d00000, 0x0000000081d00000|100%| O|  |TAMS 0x0000000081c00000| PB 0x0000000081c00000| Untracked |  0
|  29|0x0000000081d00000, 0x0000000081e00000, 0x0000000081e00000|100%| O|  |TAMS 0x0000000081d00000| PB 0x0000000081d00000| Untracked |  0
|  30|0x0000000081e00000, 0x0000000081f00000, 0x0000000081f00000|100%| O|  |TAMS 0x0000000081e00000| PB 0x0000000081e00000| Untracked |  0
|  31|0x0000000081f00000, 0x0000000082000000, 0x0000000082000000|100%| O|  |TAMS 0x0000000081f00000| PB 0x0000000081f00000| Untracked |  0
|  32|0x0000000082000000, 0x0000000082100000, 0x0000000082100000|100%| O|  |TAMS 0x0000000082000000| PB 0x0000000082000000| Untracked |  0
|  33|0x0000000082100000, 0x0000000082200000, 0x0000000082200000|100%| O|  |TAMS 0x0000000082100000| PB 0x0000000082100000| Untracked |  0
|  34|0x0000000082200000, 0x0000000082300000, 0x0000000082300000|100%| O|  |TAMS 0x0000000082200000| PB 0x0000000082200000| Untracked |  0
|  35|0x0000000082300000, 0x0000000082400000, 0x0000000082400000|100%| O|  |TAMS 0x0000000082300000| PB 0x0000000082300000| Untracked |  0
|  36|0x0000000082400000, 0x0000000082500000, 0x0000000082500000|100%| O|  |TAMS 0x0000000082400000| PB 0x0000000082400000| Untracked |  0
|  37|0x0000000082500000, 0x00000000825c65b0, 0x0000000082600000| 77%| O|  |TAMS 0x0000000082500000| PB 0x0000000082500000| Untracked |  0
|  38|0x0000000082600000, 0x0000000082700000, 0x0000000082700000|100%| O|  |TAMS 0x0000000082600000| PB 0x0000000082600000| Untracked |  0
|  39|0x0000000082700000, 0x0000000082800000, 0x0000000082800000|100%| O|  |TAMS 0x0000000082700000| PB 0x0000000082700000| Untracked |  0
|  40|0x0000000082800000, 0x0000000082900000, 0x0000000082900000|100%| S|CS|TAMS 0x0000000082800000| PB 0x0000000082800000| Complete |  0
|  41|0x0000000082900000, 0x0000000082a00000, 0x0000000082a00000|100%| S|CS|TAMS 0x0000000082900000| PB 0x0000000082900000| Complete |  0
|  42|0x0000000082a00000, 0x0000000082b00000, 0x0000000082b00000|100%| S|CS|TAMS 0x0000000082a00000| PB 0x0000000082a00000| Complete |  0
|  43|0x0000000082b00000, 0x0000000082c00000, 0x0000000082c00000|100%| S|CS|TAMS 0x0000000082b00000| PB 0x0000000082b00000| Complete |  0
|  44|0x0000000082c00000, 0x0000000082d00000, 0x0000000082d00000|100%|HS|  |TAMS 0x0000000082c00000| PB 0x0000000082c00000| Complete |  0
|  45|0x0000000082d00000, 0x0000000082e00000, 0x0000000082e00000|100%| S|CS|TAMS 0x0000000082d00000| PB 0x0000000082d00000| Complete |  0
|  46|0x0000000082e00000, 0x0000000082f00000, 0x0000000082f00000|100%|HS|  |TAMS 0x0000000082e00000| PB 0x0000000082e00000| Complete |  0
|  47|0x0000000082f00000, 0x0000000082f00000, 0x0000000083000000|  0%| F|  |TAMS 0x0000000082f00000| PB 0x0000000082f00000| Untracked |  0
|  48|0x0000000083000000, 0x0000000083000000, 0x0000000083100000|  0%| F|  |TAMS 0x0000000083000000| PB 0x0000000083000000| Untracked |  0
|  49|0x0000000083100000, 0x0000000083100000, 0x0000000083200000|  0%| F|  |TAMS 0x0000000083100000| PB 0x0000000083100000| Untracked |  0
|  50|0x0000000083200000, 0x0000000083200000, 0x0000000083300000|  0%| F|  |TAMS 0x0000000083200000| PB 0x0000000083200000| Untracked |  0
|  51|0x0000000083300000, 0x0000000083400000, 0x0000000083400000|100%| S|CS|TAMS 0x0000000083300000| PB 0x0000000083300000| Complete |  0
|  52|0x0000000083400000, 0x0000000083500000, 0x0000000083500000|100%| S|CS|TAMS 0x0000000083400000| PB 0x0000000083400000| Complete |  0
|  53|0x0000000083500000, 0x0000000083500000, 0x0000000083600000|  0%| F|  |TAMS 0x0000000083500000| PB 0x0000000083500000| Untracked |  0
|  54|0x0000000083600000, 0x0000000083600000, 0x0000000083700000|  0%| F|  |TAMS 0x0000000083600000| PB 0x0000000083600000| Untracked |  0
|  55|0x0000000083700000, 0x0000000083700000, 0x0000000083800000|  0%| F|  |TAMS 0x0000000083700000| PB 0x0000000083700000| Untracked |  0
|  56|0x0000000083800000, 0x0000000083800000, 0x0000000083900000|  0%| F|  |TAMS 0x0000000083800000| PB 0x0000000083800000| Untracked |  0
|  57|0x0000000083900000, 0x0000000083900000, 0x0000000083a00000|  0%| F|  |TAMS 0x0000000083900000| PB 0x0000000083900000| Untracked |  0
|  58|0x0000000083a00000, 0x0000000083a00000, 0x0000000083b00000|  0%| F|  |TAMS 0x0000000083a00000| PB 0x0000000083a00000| Untracked |  0
|  59|0x0000000083b00000, 0x0000000083b00000, 0x0000000083c00000|  0%| F|  |TAMS 0x0000000083b00000| PB 0x0000000083b00000| Untracked |  0
|  60|0x0000000083c00000, 0x0000000083c00000, 0x0000000083d00000|  0%| F|  |TAMS 0x0000000083c00000| PB 0x0000000083c00000| Untracked |  0
|  61|0x0000000083d00000, 0x0000000083d00000, 0x0000000083e00000|  0%| F|  |TAMS 0x0000000083d00000| PB 0x0000000083d00000| Untracked |  0
|  62|0x0000000083e00000, 0x0000000083f00000, 0x0000000083f00000|100%| E|  |TAMS 0x0000000083e00000| PB 0x0000000083e00000| Complete |  0
|  63|0x0000000083f00000, 0x0000000084000000, 0x0000000084000000|100%| E|CS|TAMS 0x0000000083f00000| PB 0x0000000083f00000| Complete |  0
|  64|0x0000000084000000, 0x0000000084100000, 0x0000000084100000|100%| E|CS|TAMS 0x0000000084000000| PB 0x0000000084000000| Complete |  0
|  65|0x0000000084100000, 0x0000000084200000, 0x0000000084200000|100%| E|CS|TAMS 0x0000000084100000| PB 0x0000000084100000| Complete |  0
|  66|0x0000000084200000, 0x0000000084300000, 0x0000000084300000|100%| E|CS|TAMS 0x0000000084200000| PB 0x0000000084200000| Complete |  0
|  67|0x0000000084300000, 0x0000000084400000, 0x0000000084400000|100%| E|CS|TAMS 0x0000000084300000| PB 0x0000000084300000| Complete |  0
|  68|0x0000000084400000, 0x0000000084500000, 0x0000000084500000|100%| E|CS|TAMS 0x0000000084400000| PB 0x0000000084400000| Complete |  0
|  69|0x0000000084500000, 0x0000000084600000, 0x0000000084600000|100%| E|CS|TAMS 0x0000000084500000| PB 0x0000000084500000| Complete |  0
|  70|0x0000000084600000, 0x0000000084700000, 0x0000000084700000|100%| E|CS|TAMS 0x0000000084600000| PB 0x0000000084600000| Complete |  0
|  71|0x0000000084700000, 0x0000000084800000, 0x0000000084800000|100%| E|CS|TAMS 0x0000000084700000| PB 0x0000000084700000| Complete |  0
|  72|0x0000000084800000, 0x0000000084900000, 0x0000000084900000|100%| E|CS|TAMS 0x0000000084800000| PB 0x0000000084800000| Complete |  0
|  73|0x0000000084900000, 0x0000000084a00000, 0x0000000084a00000|100%| E|CS|TAMS 0x0000000084900000| PB 0x0000000084900000| Complete |  0
|  74|0x0000000084a00000, 0x0000000084b00000, 0x0000000084b00000|100%| E|CS|TAMS 0x0000000084a00000| PB 0x0000000084a00000| Complete |  0
|  75|0x0000000084b00000, 0x0000000084c00000, 0x0000000084c00000|100%| E|CS|TAMS 0x0000000084b00000| PB 0x0000000084b00000| Complete |  0
|  76|0x0000000084c00000, 0x0000000084d00000, 0x0000000084d00000|100%| E|CS|TAMS 0x0000000084c00000| PB 0x0000000084c00000| Complete |  0
|  77|0x0000000084d00000, 0x0000000084e00000, 0x0000000084e00000|100%| E|  |TAMS 0x0000000084d00000| PB 0x0000000084d00000| Complete |  0
|  78|0x0000000084e00000, 0x0000000084f00000, 0x0000000084f00000|100%| E|CS|TAMS 0x0000000084e00000| PB 0x0000000084e00000| Complete |  0
|  79|0x0000000084f00000, 0x0000000085000000, 0x0000000085000000|100%| E|CS|TAMS 0x0000000084f00000| PB 0x0000000084f00000| Complete |  0
|  80|0x0000000085000000, 0x0000000085100000, 0x0000000085100000|100%| E|CS|TAMS 0x0000000085000000| PB 0x0000000085000000| Complete |  0
|  81|0x0000000085100000, 0x0000000085200000, 0x0000000085200000|100%| E|CS|TAMS 0x0000000085100000| PB 0x0000000085100000| Complete |  0
|  82|0x0000000085200000, 0x0000000085300000, 0x0000000085300000|100%| E|CS|TAMS 0x0000000085200000| PB 0x0000000085200000| Complete |  0
|  83|0x0000000085300000, 0x0000000085400000, 0x0000000085400000|100%| E|CS|TAMS 0x0000000085300000| PB 0x0000000085300000| Complete |  0
|  84|0x0000000085400000, 0x0000000085500000, 0x0000000085500000|100%| E|CS|TAMS 0x0000000085400000| PB 0x0000000085400000| Complete |  0
|  85|0x0000000085500000, 0x0000000085600000, 0x0000000085600000|100%| E|CS|TAMS 0x0000000085500000| PB 0x0000000085500000| Complete |  0
|  86|0x0000000085600000, 0x0000000085700000, 0x0000000085700000|100%| E|CS|TAMS 0x0000000085600000| PB 0x0000000085600000| Complete |  0
|  87|0x0000000085700000, 0x0000000085800000, 0x0000000085800000|100%| E|CS|TAMS 0x0000000085700000| PB 0x0000000085700000| Complete |  0
|  88|0x0000000085800000, 0x0000000085900000, 0x0000000085900000|100%| E|CS|TAMS 0x0000000085800000| PB 0x0000000085800000| Complete |  0
|  89|0x0000000085900000, 0x0000000085a00000, 0x0000000085a00000|100%| E|CS|TAMS 0x0000000085900000| PB 0x0000000085900000| Complete |  0
|  90|0x0000000085a00000, 0x0000000085b00000, 0x0000000085b00000|100%| E|CS|TAMS 0x0000000085a00000| PB 0x0000000085a00000| Complete |  0
| 118|0x0000000087600000, 0x0000000087700000, 0x0000000087700000|100%| E|CS|TAMS 0x0000000087600000| PB 0x0000000087600000| Complete |  0
| 119|0x0000000087700000, 0x0000000087800000, 0x0000000087800000|100%| E|CS|TAMS 0x0000000087700000| PB 0x0000000087700000| Complete |  0
| 120|0x0000000087800000, 0x0000000087900000, 0x0000000087900000|100%| E|CS|TAMS 0x0000000087800000| PB 0x0000000087800000| Complete |  0
| 121|0x0000000087900000, 0x0000000087a00000, 0x0000000087a00000|100%| E|CS|TAMS 0x0000000087900000| PB 0x0000000087900000| Complete |  0
| 123|0x0000000087b00000, 0x0000000087c00000, 0x0000000087c00000|100%| E|CS|TAMS 0x0000000087b00000| PB 0x0000000087b00000| Complete |  0

Card table byte_map: [0x0000020965b90000,0x0000020965f90000] _byte_map_base: 0x0000020965790000

Marking Bits: (CMBitMap*) 0x000002094da3d1d0
 Bits: [0x0000020965f90000, 0x0000020967f90000)

Polling page: 0x000002094b840000

Metaspace:

Usage:
  Non-class:     47.32 MB used.
      Class:      8.08 MB used.
       Both:     55.41 MB used.

Virtual space:
  Non-class space:       64.00 MB reserved,      48.19 MB ( 75%) committed,  1 nodes.
      Class space:        1.00 GB reserved,       8.94 MB ( <1%) committed,  1 nodes.
             Both:        1.06 GB reserved,      57.12 MB (  5%) committed. 

Chunk freelists:
   Non-Class:  15.50 MB
       Class:  6.89 MB
        Both:  22.39 MB

MaxMetaspaceSize: unlimited
CompressedClassSpaceSize: 1.00 GB
Initial GC threshold: 21.00 MB
Current GC threshold: 58.69 MB
CDS: on
 - commit_granule_bytes: 65536.
 - commit_granule_words: 8192.
 - virtual_space_node_default_size: 8388608.
 - enlarge_chunks_in_place: 1.
 - use_allocation_guard: 0.


Internal statistics:

num_allocs_failed_limit: 6.
num_arena_births: 3088.
num_arena_deaths: 0.
num_vsnodes_births: 2.
num_vsnodes_deaths: 0.
num_space_committed: 914.
num_space_uncommitted: 0.
num_chunks_returned_to_freelist: 6.
num_chunks_taken_from_freelist: 5418.
num_chunk_merges: 6.
num_chunk_splits: 3603.
num_chunks_enlarged: 2322.
num_inconsistent_stats: 0.

CodeHeap 'non-profiled nmethods': size=120064Kb used=2966Kb max_used=2966Kb free=117097Kb
 bounds [0x000002095dbe0000, 0x000002095ded0000, 0x0000020965120000]
CodeHeap 'profiled nmethods': size=120000Kb used=10351Kb max_used=10351Kb free=109649Kb
 bounds [0x0000020956120000, 0x0000020956b40000, 0x000002095d650000]
CodeHeap 'non-nmethods': size=5696Kb used=2020Kb max_used=2040Kb free=3675Kb
 bounds [0x000002095d650000, 0x000002095d8c0000, 0x000002095dbe0000]
CodeCache: size=245760Kb, used=15337Kb, max_used=15357Kb, free=230421Kb
 total_blobs=8066, nmethods=7279, adapters=692, full_count=0
Compilation: enabled, stopped_count=0, restarted_count=0

Compilation events (20 events):
Event: 10.252 Thread 0x000002096ac38b50 7722       3       java.io.ObjectOutputStream::writeByte (9 bytes)
Event: 10.252 Thread 0x000002096ac38b50 nmethod 7722 0x0000020956b2f808 code [0x0000020956b2f920, 0x0000020956b2fa60]
Event: 10.253 Thread 0x000002096ac38b50 7723       3       java.io.ObjectInputStream$FieldValues::<init> (217 bytes)
Event: 10.254 Thread 0x000002096ac38b50 nmethod 7723 0x0000020956b2fb08 code [0x0000020956b2fce0, 0x0000020956b308c8]
Event: 10.254 Thread 0x000002096ac38b50 7724       3       java.io.ObjectStreamClass::hasReadObjectMethod (17 bytes)
Event: 10.255 Thread 0x000002096ac38b50 nmethod 7724 0x0000020956b30988 code [0x0000020956b30ac0, 0x0000020956b30d78]
Event: 10.255 Thread 0x000002096ac38b50 7725       3       java.io.ObjectInputStream::readString (117 bytes)
Event: 10.255 Thread 0x000002096ac38b50 nmethod 7725 0x0000020956b30e08 code [0x0000020956b310c0, 0x0000020956b32188]
Event: 10.255 Thread 0x000002096ac38b50 7727       3       java.io.ObjectInputStream$GetField::<init> (5 bytes)
Event: 10.255 Thread 0x000002096ac38b50 nmethod 7727 0x0000020956b32208 code [0x0000020956b32320, 0x0000020956b32488]
Event: 10.255 Thread 0x000002096ac38b50 7728       3       java.io.ObjectStreamClass::hasWriteObjectData (9 bytes)
Event: 10.255 Thread 0x000002096ac38b50 nmethod 7728 0x0000020956b32508 code [0x0000020956b32640, 0x0000020956b328b0]
Event: 10.255 Thread 0x000002096ac38b50 7729       3       java.io.ObjectInputStream$FieldValues::defaultCheckFieldValues (20 bytes)
Event: 10.256 Thread 0x000002096ac38b50 nmethod 7729 0x0000020956b32908 code [0x0000020956b32a40, 0x0000020956b32c88]
Event: 10.256 Thread 0x000002096ac38b50 7730       3       java.io.ObjectStreamClass::checkObjFieldValueTypes (10 bytes)
Event: 10.256 Thread 0x000002096ac38b50 nmethod 7730 0x0000020956b32d08 code [0x0000020956b32e40, 0x0000020956b32fe0]
Event: 10.256 Thread 0x000002096ac38b50 7731       3       java.io.ObjectStreamClass$FieldReflector::checkObjectFieldValueTypes (8 bytes)
Event: 10.257 Thread 0x000002096ac38b50 nmethod 7731 0x0000020956b33008 code [0x0000020956b33120, 0x0000020956b33260]
Event: 10.257 Thread 0x000002096ac38b50 7726       3       java.io.ObjectInputStream::readClassDesc (121 bytes)
Event: 10.258 Thread 0x000002096ac38b50 nmethod 7726 0x0000020956b33308 code [0x0000020956b33600, 0x0000020956b34aa0]

GC Heap History (20 events):
Event: 4.714 GC heap before
{Heap before GC invocations=3 (full 0):
 garbage-first heap   total reserved 2097152K, committed 126976K, used 71144K [0x0000000080000000, 0x0000000100000000)
  region size 1024K, 59 young (60416K), 8 survivors (8192K)
 Metaspace       used 20758K, committed 21376K, reserved 1114112K
  class space    used 3066K, committed 3328K, reserved 1048576K
}
Event: 4.721 GC heap after
{Heap after GC invocations=4 (full 0):
 garbage-first heap   total reserved 2097152K, committed 126976K, used 23193K [0x0000000080000000, 0x0000000100000000)
  region size 1024K, 4 young (4096K), 4 survivors (4096K)
 Metaspace       used 20758K, committed 21376K, reserved 1114112K
  class space    used 3066K, committed 3328K, reserved 1048576K
}
Event: 4.743 GC heap before
{Heap before GC invocations=4 (full 0):
 garbage-first heap   total reserved 2097152K, committed 126976K, used 24217K [0x0000000080000000, 0x0000000100000000)
  region size 1024K, 6 young (6144K), 4 survivors (4096K)
 Metaspace       used 20909K, committed 21504K, reserved 1114112K
  class space    used 3097K, committed 3392K, reserved 1048576K
}
Event: 4.747 GC heap after
{Heap after GC invocations=5 (full 0):
 garbage-first heap   total reserved 2097152K, committed 126976K, used 23201K [0x0000000080000000, 0x0000000100000000)
  region size 1024K, 4 young (4096K), 4 survivors (4096K)
 Metaspace       used 20909K, committed 21504K, reserved 1114112K
  class space    used 3097K, committed 3392K, reserved 1048576K
}
Event: 5.493 GC heap before
{Heap before GC invocations=6 (full 0):
 garbage-first heap   total reserved 2097152K, committed 81920K, used 70305K [0x0000000080000000, 0x0000000100000000)
  region size 1024K, 48 young (49152K), 4 survivors (4096K)
 Metaspace       used 28138K, committed 29056K, reserved 1114112K
  class space    used 4076K, committed 4480K, reserved 1048576K
}
Event: 5.498 GC heap after
{Heap after GC invocations=7 (full 0):
 garbage-first heap   total reserved 2097152K, committed 81920K, used 25353K [0x0000000080000000, 0x0000000100000000)
  region size 1024K, 3 young (3072K), 3 survivors (3072K)
 Metaspace       used 28138K, committed 29056K, reserved 1114112K
  class space    used 4076K, committed 4480K, reserved 1048576K
}
Event: 6.017 GC heap before
{Heap before GC invocations=7 (full 0):
 garbage-first heap   total reserved 2097152K, committed 81920K, used 63241K [0x0000000080000000, 0x0000000100000000)
  region size 1024K, 40 young (40960K), 3 survivors (3072K)
 Metaspace       used 32959K, committed 34176K, reserved 1114112K
  class space    used 4911K, committed 5504K, reserved 1048576K
}
Event: 6.023 GC heap after
{Heap after GC invocations=8 (full 0):
 garbage-first heap   total reserved 2097152K, committed 81920K, used 27063K [0x0000000080000000, 0x0000000100000000)
  region size 1024K, 5 young (5120K), 5 survivors (5120K)
 Metaspace       used 32959K, committed 34176K, reserved 1114112K
  class space    used 4911K, committed 5504K, reserved 1048576K
}
Event: 6.148 GC heap before
{Heap before GC invocations=8 (full 0):
 garbage-first heap   total reserved 2097152K, committed 81920K, used 37303K [0x0000000080000000, 0x0000000100000000)
  region size 1024K, 16 young (16384K), 5 survivors (5120K)
 Metaspace       used 34623K, committed 35968K, reserved 1114112K
  class space    used 5156K, committed 5760K, reserved 1048576K
}
Event: 6.152 GC heap after
{Heap after GC invocations=9 (full 0):
 garbage-first heap   total reserved 2097152K, committed 81920K, used 27642K [0x0000000080000000, 0x0000000100000000)
  region size 1024K, 3 young (3072K), 3 survivors (3072K)
 Metaspace       used 34623K, committed 35968K, reserved 1114112K
  class space    used 5156K, committed 5760K, reserved 1048576K
}
Event: 6.528 GC heap before
{Heap before GC invocations=10 (full 0):
 garbage-first heap   total reserved 2097152K, committed 81920K, used 66554K [0x0000000080000000, 0x0000000100000000)
  region size 1024K, 42 young (43008K), 3 survivors (3072K)
 Metaspace       used 39715K, committed 41024K, reserved 1114112K
  class space    used 5706K, committed 6336K, reserved 1048576K
}
Event: 6.536 GC heap after
{Heap after GC invocations=11 (full 0):
 garbage-first heap   total reserved 2097152K, committed 81920K, used 32758K [0x0000000080000000, 0x0000000100000000)
  region size 1024K, 6 young (6144K), 6 survivors (6144K)
 Metaspace       used 39715K, committed 41024K, reserved 1114112K
  class space    used 5706K, committed 6336K, reserved 1048576K
}
Event: 6.904 GC heap before
{Heap before GC invocations=11 (full 0):
 garbage-first heap   total reserved 2097152K, committed 81920K, used 68598K [0x0000000080000000, 0x0000000100000000)
  region size 1024K, 41 young (41984K), 6 survivors (6144K)
 Metaspace       used 42237K, committed 43712K, reserved 1114112K
  class space    used 6159K, committed 6848K, reserved 1048576K
}
Event: 6.913 GC heap after
{Heap after GC invocations=12 (full 0):
 garbage-first heap   total reserved 2097152K, committed 81920K, used 35848K [0x0000000080000000, 0x0000000100000000)
  region size 1024K, 3 young (3072K), 3 survivors (3072K)
 Metaspace       used 42237K, committed 43712K, reserved 1114112K
  class space    used 6159K, committed 6848K, reserved 1048576K
}
Event: 7.373 GC heap before
{Heap before GC invocations=12 (full 0):
 garbage-first heap   total reserved 2097152K, committed 81920K, used 70664K [0x0000000080000000, 0x0000000100000000)
  region size 1024K, 37 young (37888K), 3 survivors (3072K)
 Metaspace       used 46639K, committed 48256K, reserved 1114112K
  class space    used 6864K, committed 7616K, reserved 1048576K
}
Event: 7.377 GC heap after
{Heap after GC invocations=13 (full 0):
 garbage-first heap   total reserved 2097152K, committed 98304K, used 37728K [0x0000000080000000, 0x0000000100000000)
  region size 1024K, 5 young (5120K), 5 survivors (5120K)
 Metaspace       used 46639K, committed 48256K, reserved 1114112K
  class space    used 6864K, committed 7616K, reserved 1048576K
}
Event: 8.429 GC heap before
{Heap before GC invocations=13 (full 0):
 garbage-first heap   total reserved 2097152K, committed 98304K, used 83808K [0x0000000080000000, 0x0000000100000000)
  region size 1024K, 50 young (51200K), 5 survivors (5120K)
 Metaspace       used 52312K, committed 54080K, reserved 1114112K
  class space    used 7745K, committed 8576K, reserved 1048576K
}
Event: 8.435 GC heap after
{Heap after GC invocations=14 (full 0):
 garbage-first heap   total reserved 2097152K, committed 98304K, used 41315K [0x0000000080000000, 0x0000000100000000)
  region size 1024K, 6 young (6144K), 6 survivors (6144K)
 Metaspace       used 52312K, committed 54080K, reserved 1114112K
  class space    used 7745K, committed 8576K, reserved 1048576K
}
Event: 9.790 GC heap before
{Heap before GC invocations=14 (full 0):
 garbage-first heap   total reserved 2097152K, committed 98304K, used 84323K [0x0000000080000000, 0x0000000100000000)
  region size 1024K, 49 young (50176K), 6 survivors (6144K)
 Metaspace       used 56149K, committed 57920K, reserved 1114112K
  class space    used 8223K, committed 9088K, reserved 1048576K
}
Event: 9.799 GC heap after
{Heap after GC invocations=15 (full 0):
 garbage-first heap   total reserved 2097152K, committed 98304K, used 47897K [0x0000000080000000, 0x0000000100000000)
  region size 1024K, 7 young (7168K), 7 survivors (7168K)
 Metaspace       used 56149K, committed 57920K, reserved 1114112K
  class space    used 8223K, committed 9088K, reserved 1048576K
}

Dll operation events (15 events):
Event: 0.032 Loaded shared library C:\Program Files\Java\jdk-23\bin\java.dll
Event: 0.079 Loaded shared library C:\Program Files\Java\jdk-23\bin\jsvml.dll
Event: 0.159 Loaded shared library C:\Program Files\Java\jdk-23\bin\zip.dll
Event: 0.170 Loaded shared library C:\Program Files\java\jdk-23\bin\instrument.dll
Event: 0.181 Loaded shared library C:\Program Files\java\jdk-23\bin\net.dll
Event: 0.186 Loaded shared library C:\Program Files\java\jdk-23\bin\nio.dll
Event: 0.196 Loaded shared library C:\Program Files\java\jdk-23\bin\zip.dll
Event: 0.637 Loaded shared library C:\Program Files\java\jdk-23\bin\jimage.dll
Event: 0.768 Loaded shared library C:\Program Files\Java\jdk-23\bin\verify.dll
Event: 1.112 Loaded shared library C:\Users\PMYLS\.gradle\native\c067742578af261105cb4f569cf0c3c89f3d7b1fecec35dd04571415982c5e48\windows-amd64\native-platform.dll
Event: 1.143 Loaded shared library C:\Users\PMYLS\.gradle\native\38dada09dfb8b06ba9b0570ebf7e218e3eb74d4ef43ca46872605cf95ebc2f47\windows-amd64\native-platform-file-events.dll
Event: 2.540 Loaded shared library C:\Program Files\java\jdk-23\bin\management.dll
Event: 2.550 Loaded shared library C:\Program Files\java\jdk-23\bin\management_ext.dll
Event: 2.868 Loaded shared library C:\Program Files\java\jdk-23\bin\extnet.dll
Event: 3.119 Loaded shared library C:\Program Files\java\jdk-23\bin\sunmscapi.dll

Deoptimization events (20 events):
Event: 10.144 Thread 0x00000209464a5060 DEOPT PACKING pc=0x000002095dd31080 sp=0x000000d6162f8320
Event: 10.144 Thread 0x00000209464a5060 DEOPT UNPACKING pc=0x000002095d6a4402 sp=0x000000d6162f82b0 mode 2
Event: 10.169 Thread 0x00000209464a5060 Uncommon trap: trap_request=0xffffff45 fr.pc=0x000002095dd9f3a4 relative=0x0000000000000084
Event: 10.169 Thread 0x00000209464a5060 Uncommon trap: reason=unstable_if action=reinterpret pc=0x000002095dd9f3a4 method=java.util.Spliterator.getExactSizeIfKnown()J @ 9 c2
Event: 10.170 Thread 0x00000209464a5060 DEOPT PACKING pc=0x000002095dd9f3a4 sp=0x000000d6162fa690
Event: 10.170 Thread 0x00000209464a5060 DEOPT UNPACKING pc=0x000002095d6a4402 sp=0x000000d6162fa618 mode 2
Event: 10.207 Thread 0x00000209464a5060 DEOPT PACKING pc=0x000002095681e0e3 sp=0x000000d6162f8760
Event: 10.207 Thread 0x00000209464a5060 DEOPT UNPACKING pc=0x000002095d6a4b22 sp=0x000000d6162f7c48 mode 0
Event: 10.210 Thread 0x00000209464a5060 DEOPT PACKING pc=0x000002095681e0e3 sp=0x000000d6162f8760
Event: 10.210 Thread 0x00000209464a5060 DEOPT UNPACKING pc=0x000002095d6a4b22 sp=0x000000d6162f7c48 mode 0
Event: 10.212 Thread 0x00000209464a5060 DEOPT PACKING pc=0x000002095681e0e3 sp=0x000000d6162f8d00
Event: 10.212 Thread 0x00000209464a5060 DEOPT UNPACKING pc=0x000002095d6a4b22 sp=0x000000d6162f81e8 mode 0
Event: 10.213 Thread 0x00000209464a5060 DEOPT PACKING pc=0x000002095681e0e3 sp=0x000000d6162f8d00
Event: 10.213 Thread 0x00000209464a5060 DEOPT UNPACKING pc=0x000002095d6a4b22 sp=0x000000d6162f81e8 mode 0
Event: 10.213 Thread 0x00000209464a5060 DEOPT PACKING pc=0x000002095681e0e3 sp=0x000000d6162f8d00
Event: 10.213 Thread 0x00000209464a5060 DEOPT UNPACKING pc=0x000002095d6a4b22 sp=0x000000d6162f81e8 mode 0
Event: 10.247 Thread 0x00000209464a5060 Uncommon trap: trap_request=0xfffffff4 fr.pc=0x000002095de67274 relative=0x0000000000000734
Event: 10.247 Thread 0x00000209464a5060 Uncommon trap: reason=null_check action=make_not_entrant pc=0x000002095de67274 method=org.gradle.util.internal.SimpleMapInterner.intern(Ljava/lang/Object;)Ljava/lang/Object; @ 2 c2
Event: 10.247 Thread 0x00000209464a5060 DEOPT PACKING pc=0x000002095de67274 sp=0x000000d6162f9060
Event: 10.247 Thread 0x00000209464a5060 DEOPT UNPACKING pc=0x000002095d6a4402 sp=0x000000d6162f9018 mode 2

Classes loaded (20 events):
Event: 8.786 Loading class java/net/spi/InetAddressResolverProvider
Event: 8.786 Loading class java/net/spi/InetAddressResolverProvider done
Event: 8.803 Loading class sun/net/InetAddressCachePolicy
Event: 8.804 Loading class sun/net/InetAddressCachePolicy done
Event: 8.804 Loading class sun/net/InetAddressCachePolicy$1
Event: 8.804 Loading class sun/net/InetAddressCachePolicy$1 done
Event: 8.804 Loading class java/net/InetAddress$CachedLookup
Event: 8.804 Loading class java/net/InetAddress$CachedLookup done
Event: 8.807 Loading class java/lang/ThreadDeath
Event: 8.807 Loading class java/lang/ThreadDeath done
Event: 8.807 Loading class sun/misc/SharedSecrets
Event: 8.807 Loading class sun/misc/SharedSecrets done
Event: 9.378 Loading class java/util/Collections$ReverseComparator
Event: 9.378 Loading class java/util/Collections$ReverseComparator done
Event: 9.378 Loading class java/util/Collections$ReverseComparator2
Event: 9.378 Loading class java/util/Collections$ReverseComparator2 done
Event: 10.164 Loading class java/util/stream/SortedOps$RefSortingSink
Event: 10.169 Loading class java/util/stream/SortedOps$RefSortingSink done
Event: 10.173 Loading class java/time/Ser
Event: 10.174 Loading class java/time/Ser done

Classes unloaded (0 events):
No events

Classes redefined (0 events):
No events

Internal exceptions (20 events):
Event: 8.266 Thread 0x00000209464a5060 Exception <a 'java/lang/NoSuchMethodError'{0x00000000836221d8}: 'java.lang.Object java.lang.invoke.DirectMethodHandle$Holder.invokeSpecial(java.lang.Object, java.lang.Object, java.lang.Object, java.lang.Object, java.lang.Object, java.lang.Object, int)'> (0x00000000836221d8) 
thrown [s\open\src\hotspot\share\interpreter\linkResolver.cpp, line 796]
Event: 8.266 Thread 0x00000209464a5060 Exception <a 'java/lang/NoSuchMethodError'{0x0000000083626ab8}: 'java.lang.Object java.lang.invoke.Invokers$Holder.linkToTargetMethod(java.lang.Object, java.lang.Object, java.lang.Object, java.lang.Object, int, java.lang.Object)'> (0x0000000083626ab8) 
thrown [s\open\src\hotspot\share\interpreter\linkResolver.cpp, line 796]
Event: 8.270 Thread 0x00000209464a5060 Exception <a 'java/lang/NoSuchMethodError'{0x0000000083653db0}: 'java.lang.Object java.lang.invoke.DirectMethodHandle$Holder.invokeSpecial(java.lang.Object, java.lang.Object, java.lang.Object, java.lang.Object, java.lang.Object, long)'> (0x0000000083653db0) 
thrown [s\open\src\hotspot\share\interpreter\linkResolver.cpp, line 796]
Event: 8.271 Thread 0x00000209464a5060 Exception <a 'java/lang/NoSuchMethodError'{0x0000000083673fe8}: 'void java.lang.invoke.DirectMethodHandle$Holder.invokeStatic(java.lang.Object, java.lang.Object, java.lang.Object, int, java.lang.Object)'> (0x0000000083673fe8) 
thrown [s\open\src\hotspot\share\interpreter\linkResolver.cpp, line 796]
Event: 8.286 Thread 0x00000209464a5060 Implicit null exception at 0x000002095dc231f4 to 0x000002095dc23794
Event: 8.803 Thread 0x00000209464a5060 Exception <a 'java/net/UnknownHostException'{0x0000000084f75a80}> (0x0000000084f75a80) 
thrown [s\open\src\hotspot\share\prims\jni.cpp, line 520]
Event: 8.807 Thread 0x00000209464a5060 Exception <a 'java/lang/ClassNotFoundException'{0x0000000084f9dbf8}: sun/misc/SharedSecrets> (0x0000000084f9dbf8) 
thrown [s\open\src\hotspot\share\classfile\systemDictionary.cpp, line 313]
Event: 8.816 Thread 0x00000209464a5060 Implicit null exception at 0x000002095dc300f0 to 0x000002095dc30688
Event: 9.643 Thread 0x00000209464a5060 Exception <a 'java/lang/NoSuchMethodError'{0x0000000083d2ef58}: 'java.lang.Object java.lang.invoke.DirectMethodHandle$Holder.newInvokeSpecial(java.lang.Object, java.lang.Object, java.lang.Object, java.lang.Object, int, java.lang.Object)'> (0x0000000083d2ef58) 
thrown [s\open\src\hotspot\share\interpreter\linkResolver.cpp, line 796]
Event: 9.643 Thread 0x00000209464a5060 Exception <a 'java/lang/NoSuchMethodError'{0x0000000083d33fe8}: 'java.lang.Object java.lang.invoke.Invokers$Holder.linkToTargetMethod(java.lang.Object, java.lang.Object, java.lang.Object, int, java.lang.Object, java.lang.Object)'> (0x0000000083d33fe8) 
thrown [s\open\src\hotspot\share\interpreter\linkResolver.cpp, line 796]
Event: 10.163 Thread 0x00000209464a5060 Exception <a 'java/lang/NoSuchMethodError'{0x00000000845ad160}: 'long java.lang.invoke.DirectMethodHandle$Holder.invokeVirtual(java.lang.Object, java.lang.Object)'> (0x00000000845ad160) 
thrown [s\open\src\hotspot\share\interpreter\linkResolver.cpp, line 796]
Event: 10.171 Thread 0x00000209464a4340 Exception <a 'java/lang/NoSuchMethodError'{0x00000000844040f8}: static Lorg/gradle/internal/build/event/types/DefaultOperationFinishedProgressEvent;.<clinit>()V> (0x00000000844040f8) 
thrown [s\open\src\hotspot\share\prims\jni.cpp, line 1111]
Event: 10.172 Thread 0x00000209464a4340 Exception <a 'java/lang/NoSuchMethodError'{0x000000008441e2d8}: static Lorg/gradle/internal/build/event/types/DefaultProjectConfigurationSuccessResult;.<clinit>()V> (0x000000008441e2d8) 
thrown [s\open\src\hotspot\share\prims\jni.cpp, line 1111]
Event: 10.172 Thread 0x00000209464a4340 Exception <a 'java/lang/NoSuchMethodError'{0x000000008441f398}: static Lorg/gradle/internal/build/event/types/AbstractProjectConfigurationResult;.<clinit>()V> (0x000000008441f398) 
thrown [s\open\src\hotspot\share\prims\jni.cpp, line 1111]
Event: 10.172 Thread 0x00000209464a4340 Exception <a 'java/lang/NoSuchMethodError'{0x0000000084420938}: static Lorg/gradle/internal/build/event/types/AbstractOperationResult;.<clinit>()V> (0x0000000084420938) 
thrown [s\open\src\hotspot\share\prims\jni.cpp, line 1111]
Event: 10.172 Thread 0x00000209464a4340 Exception <a 'java/lang/NoSuchMethodError'{0x0000000084421b28}: static Lorg/gradle/internal/build/event/types/AbstractResult;.<clinit>()V> (0x0000000084421b28) 
thrown [s\open\src\hotspot\share\prims\jni.cpp, line 1111]
Event: 10.172 Thread 0x00000209464a4340 Exception <a 'java/lang/NoSuchMethodError'{0x0000000084432228}: static Lorg/gradle/internal/build/event/types/DefaultPluginApplicationResult;.<clinit>()V> (0x0000000084432228) 
thrown [s\open\src\hotspot\share\prims\jni.cpp, line 1111]
Event: 10.173 Thread 0x00000209464a4340 Exception <a 'java/lang/NoSuchMethodError'{0x000000008443a398}: static Lorg/gradle/internal/build/event/types/DefaultBinaryPluginIdentifier;.<clinit>()V> (0x000000008443a398) 
thrown [s\open\src\hotspot\share\prims\jni.cpp, line 1111]
Event: 10.175 Thread 0x00000209464a4340 Exception <a 'java/lang/NoSuchMethodError'{0x000000008444b988}: static Lorg/gradle/internal/build/event/types/DefaultScriptPluginIdentifier;.<clinit>()V> (0x000000008444b988) 
thrown [s\open\src\hotspot\share\prims\jni.cpp, line 1111]
Event: 10.247 Thread 0x00000209464a5060 Implicit null exception at 0x000002095de66b6d to 0x000002095de67264

VM Operations (20 events):
Event: 8.304 Executing VM operation: HandshakeAllThreads (Deoptimize)
Event: 8.304 Executing VM operation: HandshakeAllThreads (Deoptimize) done
Event: 8.328 Executing VM operation: HandshakeAllThreads (Deoptimize)
Event: 8.328 Executing VM operation: HandshakeAllThreads (Deoptimize) done
Event: 8.429 Executing VM operation: G1CollectForAllocation (G1 Evacuation Pause)
Event: 8.436 Executing VM operation: G1CollectForAllocation (G1 Evacuation Pause) done
Event: 8.444 Executing VM operation: HandshakeAllThreads (Deoptimize)
Event: 8.444 Executing VM operation: HandshakeAllThreads (Deoptimize) done
Event: 8.593 Executing VM operation: HandshakeAllThreads (Deoptimize)
Event: 8.593 Executing VM operation: HandshakeAllThreads (Deoptimize) done
Event: 8.610 Executing VM operation: HandshakeAllThreads (Deoptimize)
Event: 8.610 Executing VM operation: HandshakeAllThreads (Deoptimize) done
Event: 8.695 Executing VM operation: HandshakeAllThreads (Deoptimize)
Event: 8.695 Executing VM operation: HandshakeAllThreads (Deoptimize) done
Event: 8.777 Executing VM operation: HandshakeAllThreads (Deoptimize)
Event: 8.777 Executing VM operation: HandshakeAllThreads (Deoptimize) done
Event: 9.486 Executing VM operation: HandshakeAllThreads (Deoptimize)
Event: 9.486 Executing VM operation: HandshakeAllThreads (Deoptimize) done
Event: 9.790 Executing VM operation: G1CollectForAllocation (G1 Evacuation Pause)
Event: 9.799 Executing VM operation: G1CollectForAllocation (G1 Evacuation Pause) done

Memory protections (0 events):
No events

Nmethod flushes (20 events):
Event: 6.162 Thread 0x000002096abec980 flushing  nmethod 0x00000209563c6a08
Event: 6.162 Thread 0x000002096abec980 flushing  nmethod 0x000002095dc51088
Event: 6.162 Thread 0x000002096abec980 flushing  nmethod 0x000002095dc54688
Event: 6.162 Thread 0x000002096abec980 flushing  nmethod 0x000002095dc54988
Event: 6.162 Thread 0x000002096abec980 flushing  nmethod 0x000002095dcbf208
Event: 6.162 Thread 0x000002096abec980 flushing  nmethod 0x0000020956164a08
Event: 6.162 Thread 0x000002096abec980 flushing  nmethod 0x0000020956167d08
Event: 6.162 Thread 0x000002096abec980 flushing  nmethod 0x0000020956168008
Event: 6.162 Thread 0x000002096abec980 flushing  nmethod 0x0000020956168c08
Event: 6.162 Thread 0x000002096abec980 flushing  nmethod 0x000002095616b788
Event: 6.162 Thread 0x000002096abec980 flushing  nmethod 0x000002095616c888
Event: 6.162 Thread 0x000002096abec980 flushing  nmethod 0x0000020956211008
Event: 6.162 Thread 0x000002096abec980 flushing  nmethod 0x0000020956212588
Event: 6.162 Thread 0x000002096abec980 flushing  nmethod 0x0000020956214608
Event: 6.162 Thread 0x000002096abec980 flushing  nmethod 0x0000020956214b88
Event: 6.162 Thread 0x000002096abec980 flushing  nmethod 0x0000020956214e88
Event: 6.162 Thread 0x000002096abec980 flushing  nmethod 0x0000020956252388
Event: 6.162 Thread 0x000002096abec980 flushing  nmethod 0x0000020956252d08
Event: 6.162 Thread 0x000002096abec980 flushing  nmethod 0x0000020956432308
Event: 6.162 Thread 0x000002096abec980 flushing  nmethod 0x000002095646dd08

Events (20 events):
Event: 9.543 Thread 0x00000209464a5060 Thread added: 0x0000020948ffa6a0
Event: 9.543 Thread 0x00000209464a5060 Thread added: 0x0000020948ffad30
Event: 9.543 Thread 0x00000209464a5060 Thread added: 0x0000020948ffb3c0
Event: 9.543 Thread 0x00000209464a5060 Thread added: 0x0000020948ff5e70
Event: 9.543 Thread 0x00000209464a5060 Thread added: 0x0000020948ff4430
Event: 9.543 Thread 0x00000209464a5060 Thread added: 0x0000020948ffba50
Event: 9.543 Thread 0x00000209464a5060 Thread added: 0x0000020948ff78b0
Event: 9.543 Thread 0x00000209464a5060 Thread added: 0x0000020949ad5f60
Event: 9.543 Thread 0x00000209464a5060 Thread added: 0x0000020949ad65f0
Event: 9.657 Thread 0x00000209464a5060 Thread added: 0x0000020949ad58d0
Event: 9.660 Thread 0x00000209464a5060 Thread added: 0x0000020949ad8d50
Event: 9.664 Thread 0x00000209464a5060 Thread added: 0x0000020949ad5240
Event: 9.669 Thread 0x00000209464a5060 Thread added: 0x0000020949ad7310
Event: 9.673 Thread 0x00000209464a5060 Thread added: 0x0000020949ad79a0
Event: 9.679 Thread 0x00000209464a5060 Thread added: 0x0000020949ad93e0
Event: 9.684 Thread 0x00000209464a5060 Thread added: 0x0000020949ad2450
Event: 9.689 Thread 0x00000209464a5060 Thread added: 0x0000020949ad9a70
Event: 9.694 Thread 0x00000209464a5060 Thread added: 0x0000020949ad86c0
Event: 9.698 Thread 0x00000209464a5060 Thread added: 0x0000020949ad2ae0
Event: 9.701 Thread 0x00000209464a5060 Thread added: 0x0000020949ad3170


Dynamic libraries:
0x00007ff7a4e00000 - 0x00007ff7a4e10000 	C:\Program Files\Java\jdk-23\bin\java.exe
0x00007ffaf7f50000 - 0x00007ffaf8148000 	C:\Windows\SYSTEM32\ntdll.dll
0x00007ffaf5f70000 - 0x00007ffaf6032000 	C:\Windows\System32\KERNEL32.DLL
0x00007ffaf5920000 - 0x00007ffaf5c1e000 	C:\Windows\System32\KERNELBASE.dll
0x00007ffaf5c20000 - 0x00007ffaf5d20000 	C:\Windows\System32\ucrtbase.dll
0x00007ffacdae0000 - 0x00007ffacdaf7000 	C:\Program Files\Java\jdk-23\bin\jli.dll
0x00007ffacbd90000 - 0x00007ffacbdab000 	C:\Program Files\Java\jdk-23\bin\VCRUNTIME140.dll
0x00007ffaf7a40000 - 0x00007ffaf7bdd000 	C:\Windows\System32\USER32.dll
0x00007ffaf55f0000 - 0x00007ffaf5612000 	C:\Windows\System32\win32u.dll
0x00007ffacfcb0000 - 0x00007ffacff4a000 	C:\Windows\WinSxS\amd64_microsoft.windows.common-controls_6595b64144ccf1df_6.0.19041.4355_none_60b8b9eb71f62e16\COMCTL32.dll
0x00007ffaf7a10000 - 0x00007ffaf7a3b000 	C:\Windows\System32\GDI32.dll
0x00007ffaf6920000 - 0x00007ffaf69be000 	C:\Windows\System32\msvcrt.dll
0x00007ffaf5db0000 - 0x00007ffaf5ec7000 	C:\Windows\System32\gdi32full.dll
0x00007ffaf5620000 - 0x00007ffaf56bd000 	C:\Windows\System32\msvcp_win.dll
0x00007ffaf62a0000 - 0x00007ffaf62cf000 	C:\Windows\System32\IMM32.DLL
0x00007ffad3350000 - 0x00007ffad335c000 	C:\Program Files\Java\jdk-23\bin\vcruntime140_1.dll
0x00007ffabbc20000 - 0x00007ffabbcae000 	C:\Program Files\Java\jdk-23\bin\msvcp140.dll
0x00007ffaafab0000 - 0x00007ffab07ff000 	C:\Program Files\Java\jdk-23\bin\server\jvm.dll
0x00007ffaf63f0000 - 0x00007ffaf64a2000 	C:\Windows\System32\ADVAPI32.dll
0x00007ffaf6350000 - 0x00007ffaf63f0000 	C:\Windows\System32\sechost.dll
0x00007ffaf6a20000 - 0x00007ffaf6b43000 	C:\Windows\System32\RPCRT4.dll
0x00007ffaf5ed0000 - 0x00007ffaf5ef7000 	C:\Windows\System32\bcrypt.dll
0x00007ffaf6810000 - 0x00007ffaf687b000 	C:\Windows\System32\WS2_32.dll
0x00007ffaf53a0000 - 0x00007ffaf53eb000 	C:\Windows\SYSTEM32\POWRPROF.dll
0x00007ffae7520000 - 0x00007ffae7547000 	C:\Windows\SYSTEM32\WINMM.dll
0x00007ffae7be0000 - 0x00007ffae7bea000 	C:\Windows\SYSTEM32\VERSION.dll
0x00007ffaf5380000 - 0x00007ffaf5392000 	C:\Windows\SYSTEM32\UMPDC.dll
0x00007ffaf3dd0000 - 0x00007ffaf3de2000 	C:\Windows\SYSTEM32\kernel.appcore.dll
0x00007ffad2a70000 - 0x00007ffad2a7a000 	C:\Program Files\Java\jdk-23\bin\jimage.dll
0x00007ffaf3190000 - 0x00007ffaf3374000 	C:\Windows\SYSTEM32\DBGHELP.DLL
0x00007ffadc770000 - 0x00007ffadc7a4000 	C:\Windows\SYSTEM32\dbgcore.DLL
0x00007ffaf5d20000 - 0x00007ffaf5da2000 	C:\Windows\System32\bcryptPrimitives.dll
0x00007ffad28f0000 - 0x00007ffad28ff000 	C:\Program Files\Java\jdk-23\bin\instrument.dll
0x00007ffacbd70000 - 0x00007ffacbd8e000 	C:\Program Files\Java\jdk-23\bin\java.dll
0x00007ffaf77f0000 - 0x00007ffaf791b000 	C:\Windows\System32\ole32.dll
0x00007ffaf64b0000 - 0x00007ffaf6803000 	C:\Windows\System32\combase.dll
0x00007ffaf7080000 - 0x00007ffaf77ef000 	C:\Windows\System32\SHELL32.dll
0x00007ffaf3610000 - 0x00007ffaf3db4000 	C:\Windows\SYSTEM32\windows.storage.dll
0x00007ffaf4e70000 - 0x00007ffaf4e9e000 	C:\Windows\SYSTEM32\Wldp.dll
0x00007ffaf7be0000 - 0x00007ffaf7cad000 	C:\Windows\System32\OLEAUT32.dll
0x00007ffaf7e60000 - 0x00007ffaf7f0d000 	C:\Windows\System32\SHCORE.dll
0x00007ffaf62f0000 - 0x00007ffaf6345000 	C:\Windows\System32\shlwapi.dll
0x00007ffaf5520000 - 0x00007ffaf5544000 	C:\Windows\SYSTEM32\profapi.dll
0x00007ffabb6e0000 - 0x00007ffabb7b7000 	C:\Program Files\Java\jdk-23\bin\jsvml.dll
0x00007ffacbd50000 - 0x00007ffacbd67000 	C:\Program Files\Java\jdk-23\bin\zip.dll
0x00007ffad1be0000 - 0x00007ffad1bf0000 	C:\Program Files\java\jdk-23\bin\net.dll
0x00007ffaf4c50000 - 0x00007ffaf4cba000 	C:\Windows\system32\mswsock.dll
0x00007ffaca790000 - 0x00007ffaca7a6000 	C:\Program Files\java\jdk-23\bin\nio.dll
0x00007ffad0ee0000 - 0x00007ffad0ef0000 	C:\Program Files\Java\jdk-23\bin\verify.dll
0x00007ffad1100000 - 0x00007ffad1127000 	C:\Users\PMYLS\.gradle\native\c067742578af261105cb4f569cf0c3c89f3d7b1fecec35dd04571415982c5e48\windows-amd64\native-platform.dll
0x00007ffabb080000 - 0x00007ffabb1c4000 	C:\Users\PMYLS\.gradle\native\38dada09dfb8b06ba9b0570ebf7e218e3eb74d4ef43ca46872605cf95ebc2f47\windows-amd64\native-platform-file-events.dll
0x00007ffad0890000 - 0x00007ffad089a000 	C:\Program Files\java\jdk-23\bin\management.dll
0x00007ffacff60000 - 0x00007ffacff6b000 	C:\Program Files\java\jdk-23\bin\management_ext.dll
0x00007ffaf7070000 - 0x00007ffaf7078000 	C:\Windows\System32\PSAPI.DLL
0x00007ffaf4eb0000 - 0x00007ffaf4ec8000 	C:\Windows\SYSTEM32\CRYPTSP.dll
0x00007ffaf4590000 - 0x00007ffaf45c4000 	C:\Windows\system32\rsaenh.dll
0x00007ffaf54e0000 - 0x00007ffaf550e000 	C:\Windows\SYSTEM32\USERENV.dll
0x00007ffaf4de0000 - 0x00007ffaf4dec000 	C:\Windows\SYSTEM32\CRYPTBASE.dll
0x00007ffaf4950000 - 0x00007ffaf498b000 	C:\Windows\SYSTEM32\IPHLPAPI.DLL
0x00007ffaf6880000 - 0x00007ffaf6888000 	C:\Windows\System32\NSI.dll
0x00007ffacfae0000 - 0x00007ffacfae9000 	C:\Program Files\java\jdk-23\bin\extnet.dll
0x00007fface290000 - 0x00007fface29e000 	C:\Program Files\java\jdk-23\bin\sunmscapi.dll
0x00007ffaf56c0000 - 0x00007ffaf581c000 	C:\Windows\System32\CRYPT32.dll
0x00007ffaf5020000 - 0x00007ffaf5047000 	C:\Windows\SYSTEM32\ncrypt.dll
0x00007ffaf4fe0000 - 0x00007ffaf501b000 	C:\Windows\SYSTEM32\NTASN1.dll
0x00007ffac31f0000 - 0x00007ffac31f7000 	C:\Windows\system32\wshunix.dll
0x00007ffaf4990000 - 0x00007ffaf4a5a000 	C:\Windows\SYSTEM32\DNSAPI.dll
0x00000000733f0000 - 0x0000000073416000 	C:\Program Files\Bonjour\mdnsNSP.dll
0x00007ffaec530000 - 0x00007ffaec53a000 	C:\Windows\System32\rasadhlp.dll

dbghelp: loaded successfully - version: 4.0.5 - missing functions: none
symbol engine: initialized successfully - sym options: 0x614 - pdb path: .;C:\Program Files\Java\jdk-23\bin;C:\Windows\SYSTEM32;C:\Windows\WinSxS\amd64_microsoft.windows.common-controls_6595b64144ccf1df_6.0.19041.4355_none_60b8b9eb71f62e16;C:\Program Files\Java\jdk-23\bin\server;C:\Users\PMYLS\.gradle\native\c067742578af261105cb4f569cf0c3c89f3d7b1fecec35dd04571415982c5e48\windows-amd64;C:\Users\PMYLS\.gradle\native\38dada09dfb8b06ba9b0570ebf7e218e3eb74d4ef43ca46872605cf95ebc2f47\windows-amd64;C:\Program Files\Bonjour

VM Arguments:
jvm_args: --add-opens=java.base/java.util=ALL-UNNAMED --add-opens=java.base/java.lang=ALL-UNNAMED --add-opens=java.base/java.lang.invoke=ALL-UNNAMED --add-opens=java.prefs/java.util.prefs=ALL-UNNAMED --add-opens=java.base/java.nio.charset=ALL-UNNAMED --add-opens=java.base/java.net=ALL-UNNAMED --add-opens=java.base/java.util.concurrent.atomic=ALL-UNNAMED -Xmx2048m -Dfile.encoding=UTF-8 -Duser.country=US -Duser.language=en -Duser.variant -javaagent:C:\Users\PMYLS\.gradle\wrapper\dists\gradle-8.7-bin\bhs2wmbdwecv87pi65oeuq5iu\gradle-8.7\lib\agents\gradle-instrumentation-agent-8.7.jar 
java_command: org.gradle.launcher.daemon.bootstrap.GradleDaemon 8.7
java_class_path (initial): C:\Users\PMYLS\.gradle\wrapper\dists\gradle-8.7-bin\bhs2wmbdwecv87pi65oeuq5iu\gradle-8.7\lib\gradle-launcher-8.7.jar
Launcher Type: SUN_STANDARD

[Global flags]
     intx CICompilerCount                          = 4                                         {product} {ergonomic}
     uint ConcGCThreads                            = 3                                         {product} {ergonomic}
     uint G1ConcRefinementThreads                  = 10                                        {product} {ergonomic}
   size_t G1HeapRegionSize                         = 1048576                                   {product} {ergonomic}
   size_t InitialHeapSize                          = 130023424                                 {product} {ergonomic}
   size_t MarkStackSize                            = 4194304                                   {product} {ergonomic}
   size_t MarkStackSizeMax                         = 536870912                                 {product} {ergonomic}
   size_t MaxHeapSize                              = 2147483648                                {product} {command line}
   size_t MaxNewSize                               = 1287651328                                {product} {ergonomic}
   size_t MinHeapDeltaBytes                        = 1048576                                   {product} {ergonomic}
   size_t MinHeapSize                              = 8388608                                   {product} {ergonomic}
    uintx NonNMethodCodeHeapSize                   = 5832704                                {pd product} {ergonomic}
    uintx NonProfiledCodeHeapSize                  = 122945536                              {pd product} {ergonomic}
    uintx ProfiledCodeHeapSize                     = 122880000                              {pd product} {ergonomic}
    uintx ReservedCodeCacheSize                    = 251658240                              {pd product} {ergonomic}
     bool SegmentedCodeCache                       = true                                      {product} {ergonomic}
   size_t SoftMaxHeapSize                          = 2147483648                             {manageable} {ergonomic}
     bool UseCompressedOops                        = true                           {product lp64_product} {ergonomic}
     bool UseG1GC                                  = true                                      {product} {ergonomic}
     bool UseLargePagesIndividualAllocation        = false                                  {pd product} {ergonomic}

Logging:
Log output configuration:
 #0: stdout all=warning uptime,level,tags foldmultilines=false
 #1: stderr all=off uptime,level,tags foldmultilines=false

Environment Variables:
JAVA_HOME=C:\Program Files\java\jdk-23
PATH=C:\Windows\system32;C:\Windows;C:\Windows\System32\Wbem;C:\Windows\System32\WindowsPowerShell\v1.0\;C:\Windows\System32\OpenSSH\;C:\Program Files\Git\cmd;%JAVA_HOME%\bin;C:\Users\PMYLS\AppData\Local\Microsoft\WindowsApps;
USERNAME=PMYLS
OS=Windows_NT
PROCESSOR_IDENTIFIER=Intel64 Family 6 Model 154 Stepping 4, GenuineIntel
TMP=C:\Users\PMYLS\AppData\Local\Temp
TEMP=C:\Users\PMYLS\AppData\Local\Temp




Periodic native trim disabled

---------------  S Y S T E M  ---------------

OS:
 Windows 10 , 64 bit Build 19041 (10.0.19041.4957)
OS uptime: 30 days 18:42 hours
Hyper-V role detected

CPU: total 12 (initial active 12) (6 cores per cpu, 2 threads per core) family 6 model 154 stepping 4 microcode 0x424, cx8, cmov, fxsr, ht, mmx, 3dnowpref, sse, sse2, sse3, ssse3, sse4.1, sse4.2, popcnt, lzcnt, tsc, tscinvbit, avx, avx2, aes, erms, clmul, bmi1, bmi2, adx, sha, fma, vzeroupper, clflush, clflushopt, clwb, hv, rdtscp, rdpid, fsrm, gfni, f16c, cet_ibt, cet_ss
Processor Information for processor 0
  Max Mhz: 1300, Current Mhz: 1300, Mhz Limit: 1300
Processor Information for processor 1
  Max Mhz: 1300, Current Mhz: 1300, Mhz Limit: 1300
Processor Information for processor 2
  Max Mhz: 1300, Current Mhz: 1300, Mhz Limit: 1300
Processor Information for processor 3
  Max Mhz: 1300, Current Mhz: 1300, Mhz Limit: 1300
Processor Information for processor 4
  Max Mhz: 900, Current Mhz: 900, Mhz Limit: 900
Processor Information for processor 5
  Max Mhz: 900, Current Mhz: 900, Mhz Limit: 900
Processor Information for processor 6
  Max Mhz: 900, Current Mhz: 900, Mhz Limit: 900
Processor Information for processor 7
  Max Mhz: 900, Current Mhz: 900, Mhz Limit: 900
Processor Information for processor 8
  Max Mhz: 900, Current Mhz: 900, Mhz Limit: 900
Processor Information for processor 9
  Max Mhz: 900, Current Mhz: 900, Mhz Limit: 900
Processor Information for processor 10
  Max Mhz: 900, Current Mhz: 900, Mhz Limit: 900
Processor Information for processor 11
  Max Mhz: 900, Current Mhz: 900, Mhz Limit: 900

Memory: 4k page, system-wide physical 7916M (305M free)
TotalPageFile size 20822M (AvailPageFile size 0M)
current process WorkingSet (physical memory assigned to process): 280M, peak: 280M
current process commit charge ("private bytes"): 325M, peak: 325M

vm_info: Java HotSpot(TM) 64-Bit Server VM (23+37-2369) for windows-amd64 JRE (23+37-2369), built on 2024-08-20T16:01:23Z with MS VC++ 17.6 (VS2022)

END.
